[debug] [2025-02-23T13:20:56.731Z] ----------------------------------------------------------------------
[debug] [2025-02-23T13:20:56.738Z] Command:       C:\Program Files\nodejs\node.exe C:\Users\aymli\AppData\Roaming\npm\node_modules\firebase-tools\lib\bin\firebase.js init hosting
[debug] [2025-02-23T13:20:56.739Z] CLI Version:   13.31.2
[debug] [2025-02-23T13:20:56.739Z] Platform:      win32
[debug] [2025-02-23T13:20:56.739Z] Node Version:  v20.11.0
[debug] [2025-02-23T13:20:56.740Z] Time:          Sun Feb 23 2025 08:20:56 GMT-0500 (Eastern Standard Time)
[debug] [2025-02-23T13:20:56.740Z] ----------------------------------------------------------------------
[debug] 
[debug] [2025-02-23T13:20:56.753Z] > command requires scopes: ["email","openid","https://www.googleapis.com/auth/cloudplatformprojects.readonly","https://www.googleapis.com/auth/firebase","https://www.googleapis.com/auth/cloud-platform"]
[debug] [2025-02-23T13:20:56.754Z] > authorizing via signed-in user (alliu7005@gmail.com)
[info] 
     ######## #### ########  ######## ########     ###     ######  ########
     ##        ##  ##     ## ##       ##     ##  ##   ##  ##       ##
     ######    ##  ########  ######   ########  #########  ######  ######
     ##        ##  ##    ##  ##       ##     ## ##     ##       ## ##
     ##       #### ##     ## ######## ########  ##     ##  ######  ########

You're about to initialize a Firebase project in this directory:

  C:\Users\aymli\hacklytics2025

[info] 
=== Project Setup
[info] 
[info] First, let's associate this project directory with a Firebase project.
[info] You can create multiple project aliases by running firebase use --add, 
[info] but for now we'll just set up a default project.
[info] 
[debug] [2025-02-23T13:21:02.998Z] Checked if tokens are valid: false, expires at: 1740306964609
[debug] [2025-02-23T13:21:02.999Z] Checked if tokens are valid: false, expires at: 1740306964609
[debug] [2025-02-23T13:21:03.000Z] > refreshing access token with scopes: []
[debug] [2025-02-23T13:21:03.006Z] >>> [apiv2][query] POST https://www.googleapis.com/oauth2/v3/token [none]
[debug] [2025-02-23T13:21:03.007Z] >>> [apiv2][body] POST https://www.googleapis.com/oauth2/v3/token [omitted]
[debug] [2025-02-23T13:21:03.272Z] <<< [apiv2][status] POST https://www.googleapis.com/oauth2/v3/token 200
[debug] [2025-02-23T13:21:03.272Z] <<< [apiv2][body] POST https://www.googleapis.com/oauth2/v3/token [omitted]
[debug] [2025-02-23T13:21:03.294Z] >>> [apiv2][query] GET https://firebase.googleapis.com/v1beta1/projects pageSize=100
[debug] [2025-02-23T13:21:03.726Z] <<< [apiv2][status] GET https://firebase.googleapis.com/v1beta1/projects 200
[debug] [2025-02-23T13:21:03.727Z] <<< [apiv2][body] GET https://firebase.googleapis.com/v1beta1/projects [omitted]
[info] i  Using project hacklytics25 (hacklytics25) 
[info] 
=== Hosting Setup
[debug] [2025-02-23T13:21:06.613Z] Checked if tokens are valid: true, expires at: 1740320462273
[debug] [2025-02-23T13:21:06.614Z] Checked if tokens are valid: true, expires at: 1740320462273
[debug] [2025-02-23T13:21:06.615Z] >>> [apiv2][query] GET https://firebase.googleapis.com/v1beta1/projects/hacklytics25 [none]
[debug] [2025-02-23T13:21:06.831Z] <<< [apiv2][status] GET https://firebase.googleapis.com/v1beta1/projects/hacklytics25 200
[debug] [2025-02-23T13:21:06.832Z] <<< [apiv2][body] GET https://firebase.googleapis.com/v1beta1/projects/hacklytics25 {"projectId":"hacklytics25","projectNumber":"103017309341","displayName":"hacklytics25","name":"projects/hacklytics25","resources":{"hostingSite":"hacklytics25","realtimeDatabaseInstance":"hacklytics25-default-rtdb"},"state":"ACTIVE","etag":"1_1343f70f-24cf-4c63-9c47-068b0af102a6"}
[info] 
[info] Your public directory is the folder (relative to your project directory) that
[info] will contain Hosting assets to be uploaded with firebase deploy. If you
[info] have a build process for your assets, use your build's output directory.
[info] 
